  DoublyLinkedListProject.cpp
C:\Users\omgac\Documents\School\weber-state\Fall 2021\CS2420_FALL_2021\Assignment4DoublyLinkedList\DoublyLinkedListProject\DoublyLinkedListProject.cpp(430,29): warning C4101: 'orr': unreferenced local variable
C:\Users\omgac\Documents\School\weber-state\Fall 2021\CS2420_FALL_2021\Assignment4DoublyLinkedList\DoublyLinkedListProject\DoublyLinkedListProject.cpp(438,29): warning C4101: 'orr': unreferenced local variable
C:\Users\omgac\Documents\School\weber-state\Fall 2021\CS2420_FALL_2021\Assignment4DoublyLinkedList\DoublyLinkedListProject\DoublyLinkedListProject.cpp(489,29): warning C4101: 'oor': unreferenced local variable
C:\Users\omgac\Documents\School\weber-state\Fall 2021\CS2420_FALL_2021\Assignment4DoublyLinkedList\DoublyLinkedListProject\DoublyLinkedListProject.cpp(497,29): warning C4101: 'oor': unreferenced local variable
C:\Users\omgac\Documents\School\weber-state\Fall 2021\CS2420_FALL_2021\Assignment4DoublyLinkedList\DoublyLinkedListProject\DoublyLinkedListProject.cpp(209,20): warning C4018: '<': signed/unsigned mismatch
C:\Users\omgac\Documents\School\weber-state\Fall 2021\CS2420_FALL_2021\Assignment4DoublyLinkedList\DoublyLinkedListProject\DoublyLinkedListProject.cpp(207): message : while compiling class template member function 'T DoublyLinkedList<T>::get(const unsigned int) const'
C:\Users\omgac\Documents\School\weber-state\Fall 2021\CS2420_FALL_2021\Assignment4DoublyLinkedList\DoublyLinkedListProject\DoublyLinkedListProject.cpp(207): message :         with
C:\Users\omgac\Documents\School\weber-state\Fall 2021\CS2420_FALL_2021\Assignment4DoublyLinkedList\DoublyLinkedListProject\DoublyLinkedListProject.cpp(207): message :         [
C:\Users\omgac\Documents\School\weber-state\Fall 2021\CS2420_FALL_2021\Assignment4DoublyLinkedList\DoublyLinkedListProject\DoublyLinkedListProject.cpp(207): message :             T=int
C:\Users\omgac\Documents\School\weber-state\Fall 2021\CS2420_FALL_2021\Assignment4DoublyLinkedList\DoublyLinkedListProject\DoublyLinkedListProject.cpp(207): message :         ]
C:\Users\omgac\Documents\School\weber-state\Fall 2021\CS2420_FALL_2021\Assignment4DoublyLinkedList\DoublyLinkedListProject\DoublyLinkedListProject.cpp(413): message : see reference to function template instantiation 'T DoublyLinkedList<T>::get(const unsigned int) const' being compiled
C:\Users\omgac\Documents\School\weber-state\Fall 2021\CS2420_FALL_2021\Assignment4DoublyLinkedList\DoublyLinkedListProject\DoublyLinkedListProject.cpp(413): message :         with
C:\Users\omgac\Documents\School\weber-state\Fall 2021\CS2420_FALL_2021\Assignment4DoublyLinkedList\DoublyLinkedListProject\DoublyLinkedListProject.cpp(413): message :         [
C:\Users\omgac\Documents\School\weber-state\Fall 2021\CS2420_FALL_2021\Assignment4DoublyLinkedList\DoublyLinkedListProject\DoublyLinkedListProject.cpp(413): message :             T=int
C:\Users\omgac\Documents\School\weber-state\Fall 2021\CS2420_FALL_2021\Assignment4DoublyLinkedList\DoublyLinkedListProject\DoublyLinkedListProject.cpp(413): message :         ]
C:\Users\omgac\Documents\School\weber-state\Fall 2021\CS2420_FALL_2021\Assignment4DoublyLinkedList\DoublyLinkedListProject\DoublyLinkedListProject.cpp(403): message : see reference to class template instantiation 'DoublyLinkedList<int>' being compiled
C:\Program Files (x86)\Microsoft Visual Studio\2019\Community\VC\Tools\MSVC\14.23.28105\include\chrono(669): message : see reference to class template instantiation 'std::chrono::duration<double,std::ratio<1,1>>' being compiled
C:\Program Files (x86)\Microsoft Visual Studio\2019\Community\VC\Tools\MSVC\14.23.28105\include\chrono(177): message : see reference to class template instantiation 'std::chrono::duration<__int64,std::nano>' being compiled
C:\Program Files (x86)\Microsoft Visual Studio\2019\Community\VC\Tools\MSVC\14.23.28105\include\chrono(647): message : see reference to class template instantiation 'std::chrono::time_point<std::chrono::steady_clock,std::chrono::steady_clock::duration>' being compiled
C:\Users\omgac\Documents\School\weber-state\Fall 2021\CS2420_FALL_2021\Assignment4DoublyLinkedList\DoublyLinkedListProject\DoublyLinkedListProject.cpp(222,20): warning C4018: '<': signed/unsigned mismatch
C:\Users\omgac\Documents\School\weber-state\Fall 2021\CS2420_FALL_2021\Assignment4DoublyLinkedList\DoublyLinkedListProject\DoublyLinkedListProject.cpp(219): message : while compiling class template member function 'T &DoublyLinkedList<T>::operator [](const unsigned int) const'
C:\Users\omgac\Documents\School\weber-state\Fall 2021\CS2420_FALL_2021\Assignment4DoublyLinkedList\DoublyLinkedListProject\DoublyLinkedListProject.cpp(219): message :         with
C:\Users\omgac\Documents\School\weber-state\Fall 2021\CS2420_FALL_2021\Assignment4DoublyLinkedList\DoublyLinkedListProject\DoublyLinkedListProject.cpp(219): message :         [
C:\Users\omgac\Documents\School\weber-state\Fall 2021\CS2420_FALL_2021\Assignment4DoublyLinkedList\DoublyLinkedListProject\DoublyLinkedListProject.cpp(219): message :             T=int
C:\Users\omgac\Documents\School\weber-state\Fall 2021\CS2420_FALL_2021\Assignment4DoublyLinkedList\DoublyLinkedListProject\DoublyLinkedListProject.cpp(219): message :         ]
C:\Users\omgac\Documents\School\weber-state\Fall 2021\CS2420_FALL_2021\Assignment4DoublyLinkedList\DoublyLinkedListProject\DoublyLinkedListProject.cpp(464): message : see reference to function template instantiation 'T &DoublyLinkedList<T>::operator [](const unsigned int) const' being compiled
C:\Users\omgac\Documents\School\weber-state\Fall 2021\CS2420_FALL_2021\Assignment4DoublyLinkedList\DoublyLinkedListProject\DoublyLinkedListProject.cpp(464): message :         with
C:\Users\omgac\Documents\School\weber-state\Fall 2021\CS2420_FALL_2021\Assignment4DoublyLinkedList\DoublyLinkedListProject\DoublyLinkedListProject.cpp(464): message :         [
C:\Users\omgac\Documents\School\weber-state\Fall 2021\CS2420_FALL_2021\Assignment4DoublyLinkedList\DoublyLinkedListProject\DoublyLinkedListProject.cpp(464): message :             T=int
C:\Users\omgac\Documents\School\weber-state\Fall 2021\CS2420_FALL_2021\Assignment4DoublyLinkedList\DoublyLinkedListProject\DoublyLinkedListProject.cpp(464): message :         ]
C:\Users\omgac\Documents\School\weber-state\Fall 2021\CS2420_FALL_2021\Assignment4DoublyLinkedList\DoublyLinkedListProject\DoublyLinkedListProject.cpp(236,20): warning C4018: '<': signed/unsigned mismatch
C:\Users\omgac\Documents\School\weber-state\Fall 2021\CS2420_FALL_2021\Assignment4DoublyLinkedList\DoublyLinkedListProject\DoublyLinkedListProject.cpp(233): message : while compiling class template member function 'void DoublyLinkedList<int>::insert(const unsigned int,const T &)'
C:\Users\omgac\Documents\School\weber-state\Fall 2021\CS2420_FALL_2021\Assignment4DoublyLinkedList\DoublyLinkedListProject\DoublyLinkedListProject.cpp(233): message :         with
C:\Users\omgac\Documents\School\weber-state\Fall 2021\CS2420_FALL_2021\Assignment4DoublyLinkedList\DoublyLinkedListProject\DoublyLinkedListProject.cpp(233): message :         [
C:\Users\omgac\Documents\School\weber-state\Fall 2021\CS2420_FALL_2021\Assignment4DoublyLinkedList\DoublyLinkedListProject\DoublyLinkedListProject.cpp(233): message :             T=int
C:\Users\omgac\Documents\School\weber-state\Fall 2021\CS2420_FALL_2021\Assignment4DoublyLinkedList\DoublyLinkedListProject\DoublyLinkedListProject.cpp(233): message :         ]
C:\Users\omgac\Documents\School\weber-state\Fall 2021\CS2420_FALL_2021\Assignment4DoublyLinkedList\DoublyLinkedListProject\DoublyLinkedListProject.cpp(515): message : see reference to function template instantiation 'void DoublyLinkedList<int>::insert(const unsigned int,const T &)' being compiled
C:\Users\omgac\Documents\School\weber-state\Fall 2021\CS2420_FALL_2021\Assignment4DoublyLinkedList\DoublyLinkedListProject\DoublyLinkedListProject.cpp(515): message :         with
C:\Users\omgac\Documents\School\weber-state\Fall 2021\CS2420_FALL_2021\Assignment4DoublyLinkedList\DoublyLinkedListProject\DoublyLinkedListProject.cpp(515): message :         [
C:\Users\omgac\Documents\School\weber-state\Fall 2021\CS2420_FALL_2021\Assignment4DoublyLinkedList\DoublyLinkedListProject\DoublyLinkedListProject.cpp(515): message :             T=int
C:\Users\omgac\Documents\School\weber-state\Fall 2021\CS2420_FALL_2021\Assignment4DoublyLinkedList\DoublyLinkedListProject\DoublyLinkedListProject.cpp(515): message :         ]
C:\Users\omgac\Documents\School\weber-state\Fall 2021\CS2420_FALL_2021\Assignment4DoublyLinkedList\DoublyLinkedListProject\DoublyLinkedListProject.cpp(283,20): warning C4018: '<': signed/unsigned mismatch
C:\Users\omgac\Documents\School\weber-state\Fall 2021\CS2420_FALL_2021\Assignment4DoublyLinkedList\DoublyLinkedListProject\DoublyLinkedListProject.cpp(281): message : while compiling class template member function 'void DoublyLinkedList<int>::remove(const unsigned int)'
C:\Users\omgac\Documents\School\weber-state\Fall 2021\CS2420_FALL_2021\Assignment4DoublyLinkedList\DoublyLinkedListProject\DoublyLinkedListProject.cpp(564): message : see reference to function template instantiation 'void DoublyLinkedList<int>::remove(const unsigned int)' being compiled
  DoublyLinkedListProject.vcxproj -> C:\Users\omgac\Documents\School\weber-state\Fall 2021\CS2420_FALL_2021\Assignment4DoublyLinkedList\DoublyLinkedListProject\Debug\DoublyLinkedListProject.exe
